NOTE 15301:  Began computing simulation run "JAN2024" at time 28Sep2024, 01:45:43.
NOTE 10181:  Opened control specifications "JAN2024" at time 28Sep2024, 01:45:43.
WARNING 10615:  No valid data source for variant "Variant-1" of gage "index58" with type "Precipitation".
     File: /home/mhews/hms/HECHMS_Update1/CH/GridGSMAP_corrected.dss
     Path: /HUJAN/INDEX58/PRECIP-INC/31Dec2023 - 30Jan2024/1HOUR/SIMULATED/
ERROR 10311:  Errors in gage data for gage "index58".
WARNING 10615:  No valid data source for variant "Variant-1" of gage "index59" with type "Precipitation".
     File: /home/mhews/hms/HECHMS_Update1/CH/GridGSMAP_corrected.dss
     Path: /HUJAN/INDEX59/PRECIP-INC/31Dec2023 - 30Jan2024/1HOUR/SIMULATED/
ERROR 10311:  Errors in gage data for gage "index59".
WARNING 10615:  No valid data source for variant "Variant-1" of gage "index60" with type "Precipitation".
     File: /home/mhews/hms/HECHMS_Update1/CH/GridGSMAP_corrected.dss
     Path: /HUJAN/INDEX60/PRECIP-INC/31Dec2023 - 30Jan2024/1HOUR/SIMULATED/
ERROR 10311:  Errors in gage data for gage "index60".
WARNING 10615:  No valid data source for variant "Variant-1" of gage "index75" with type "Precipitation".
     File: /home/mhews/hms/HECHMS_Update1/CH/GridGSMAP_corrected.dss
     Path: /HUJAN/INDEX75/PRECIP-INC/31Dec2023 - 30Jan2024/1HOUR/SIMULATED/
ERROR 10311:  Errors in gage data for gage "index75".
WARNING 10615:  No valid data source for variant "Variant-1" of gage "index76" with type "Precipitation".
     File: /home/mhews/hms/HECHMS_Update1/CH/GridGSMAP_corrected.dss
     Path: /HUJAN/INDEX76/PRECIP-INC/31Dec2023 - 30Jan2024/1HOUR/SIMULATED/
ERROR 10311:  Errors in gage data for gage "index76".
WARNING 10615:  No valid data source for variant "Variant-1" of gage "index77" with type "Precipitation".
     File: /home/mhews/hms/HECHMS_Update1/CH/GridGSMAP_corrected.dss
     Path: /HUJAN/INDEX77/PRECIP-INC/31Dec2023 - 30Jan2024/1HOUR/SIMULATED/
ERROR 10311:  Errors in gage data for gage "index77".
WARNING 10615:  No valid data source for variant "Variant-1" of gage "index91" with type "Precipitation".
     File: /home/mhews/hms/HECHMS_Update1/CH/GridGSMAP_corrected.dss
     Path: /HUJAN/INDEX91/PRECIP-INC/31Dec2023 - 30Jan2024/1HOUR/SIMULATED/
ERROR 10311:  Errors in gage data for gage "index91".
WARNING 10615:  No valid data source for variant "Variant-1" of gage "index92" with type "Precipitation".
     File: /home/mhews/hms/HECHMS_Update1/CH/GridGSMAP_corrected.dss
     Path: /HUJAN/INDEX92/PRECIP-INC/31Dec2023 - 30Jan2024/1HOUR/SIMULATED/
ERROR 10311:  Errors in gage data for gage "index92".
WARNING 10615:  No valid data source for variant "Variant-1" of gage "index93" with type "Precipitation".
     File: /home/mhews/hms/HECHMS_Update1/CH/GridGSMAP_corrected.dss
     Path: /HUJAN/INDEX93/PRECIP-INC/31Dec2023 - 30Jan2024/1HOUR/SIMULATED/
ERROR 10311:  Errors in gage data for gage "index93".
WARNING 10615:  No valid data source for variant "Variant-1" of gage "index94" with type "Precipitation".
     File: /home/mhews/hms/HECHMS_Update1/CH/GridGSMAP_corrected.dss
     Path: /HUJAN/INDEX94/PRECIP-INC/31Dec2023 - 30Jan2024/1HOUR/SIMULATED/
ERROR 10311:  Errors in gage data for gage "index94".
WARNING 10615:  No valid data source for variant "Variant-1" of gage "index95" with type "Precipitation".
     File: /home/mhews/hms/HECHMS_Update1/CH/GridGSMAP_corrected.dss
     Path: /HUJAN/INDEX95/PRECIP-INC/31Dec2023 - 30Jan2024/1HOUR/SIMULATED/
ERROR 10311:  Errors in gage data for gage "index95".
WARNING 10615:  No valid data source for variant "Variant-1" of gage "index96" with type "Precipitation".
     File: /home/mhews/hms/HECHMS_Update1/CH/GridGSMAP_corrected.dss
     Path: /HUJAN/INDEX96/PRECIP-INC/01DEC2023 - 01JAN2024/1HOUR/SIMULATED/
ERROR 10311:  Errors in gage data for gage "index96".
WARNING 10615:  No valid data source for variant "Variant-1" of gage "index108" with type "Precipitation".
     File: /home/mhews/hms/HECHMS_Update1/CH/GridGSMAP_corrected.dss
     Path: /HUJAN/INDEX108/PRECIP-INC/31Dec2023 - 30Jan2024/1HOUR/SIMULATED/
ERROR 10311:  Errors in gage data for gage "index108".
WARNING 10615:  No valid data source for variant "Variant-1" of gage "index109" with type "Precipitation".
     File: /home/mhews/hms/HECHMS_Update1/CH/GridGSMAP_corrected.dss
     Path: /HUJAN/INDEX109/PRECIP-INC/31Dec2023 - 30Jan2024/1HOUR/SIMULATED/
ERROR 10311:  Errors in gage data for gage "index109".
WARNING 10615:  No valid data source for variant "Variant-1" of gage "index110" with type "Precipitation".
     File: /home/mhews/hms/HECHMS_Update1/CH/GridGSMAP_corrected.dss
     Path: /HUJAN/INDEX110/PRECIP-INC/31Dec2023 - 30Jan2024/1HOUR/SIMULATED/
ERROR 10311:  Errors in gage data for gage "index110".
WARNING 10615:  No valid data source for variant "Variant-1" of gage "index111" with type "Precipitation".
     File: /home/mhews/hms/HECHMS_Update1/CH/GridGSMAP_corrected.dss
     Path: /HUJAN/INDEX111/PRECIP-INC/31Dec2023 - 30Jan2024/1HOUR/SIMULATED/
ERROR 10311:  Errors in gage data for gage "index111".
WARNING 10615:  No valid data source for variant "Variant-1" of gage "index112" with type "Precipitation".
     File: /home/mhews/hms/HECHMS_Update1/CH/GridGSMAP_corrected.dss
     Path: /HUJAN/INDEX112/PRECIP-INC/31Dec2023 - 30Jan2024/1HOUR/SIMULATED/
ERROR 10311:  Errors in gage data for gage "index112".
WARNING 10615:  No valid data source for variant "Variant-1" of gage "index113" with type "Precipitation".
     File: /home/mhews/hms/HECHMS_Update1/CH/GridGSMAP_corrected.dss
     Path: /HUJAN/INDEX113/PRECIP-INC/31Dec2023 - 30Jan2024/1HOUR/SIMULATED/
ERROR 10311:  Errors in gage data for gage "index113".
WARNING 10615:  No valid data source for variant "Variant-1" of gage "index126" with type "Precipitation".
     File: /home/mhews/hms/HECHMS_Update1/CH/GridGSMAP_corrected.dss
     Path: /HUJAN/INDEX126/PRECIP-INC/31Dec2023 - 30Jan2024/1HOUR/SIMULATED/
ERROR 10311:  Errors in gage data for gage "index126".
WARNING 10615:  No valid data source for variant "Variant-1" of gage "index127" with type "Precipitation".
     File: /home/mhews/hms/HECHMS_Update1/CH/GridGSMAP_corrected.dss
     Path: /HUJAN/INDEX127/PRECIP-INC/31Dec2023 - 30Jan2024/1HOUR/SIMULATED/
ERROR 10311:  Errors in gage data for gage "index127".
WARNING 10615:  No valid data source for variant "Variant-1" of gage "index128" with type "Precipitation".
     File: /home/mhews/hms/HECHMS_Update1/CH/GridGSMAP_corrected.dss
     Path: /HUJAN/INDEX128/PRECIP-INC/31Dec2023 - 30Jan2024/1HOUR/SIMULATED/
ERROR 10311:  Errors in gage data for gage "index128".
WARNING 10615:  No valid data source for variant "Variant-1" of gage "index129" with type "Precipitation".
     File: /home/mhews/hms/HECHMS_Update1/CH/GridGSMAP_corrected.dss
     Path: /HUJAN/INDEX129/PRECIP-INC/31Dec2023 - 30Jan2024/1HOUR/SIMULATED/
ERROR 10311:  Errors in gage data for gage "index129".
WARNING 10615:  No valid data source for variant "Variant-1" of gage "index130" with type "Precipitation".
     File: /home/mhews/hms/HECHMS_Update1/CH/GridGSMAP_corrected.dss
     Path: /HUJAN/INDEX130/PRECIP-INC/31Dec2023 - 30Jan2024/1HOUR/SIMULATED/
ERROR 10311:  Errors in gage data for gage "index130".
WARNING 10615:  No valid data source for variant "Variant-1" of gage "index131" with type "Precipitation".
     File: /home/mhews/hms/HECHMS_Update1/CH/GridGSMAP_corrected.dss
     Path: /HUJAN/INDEX131/PRECIP-INC/31Dec2023 - 30Jan2024/1HOUR/SIMULATED/
ERROR 10311:  Errors in gage data for gage "index131".
WARNING 10615:  No valid data source for variant "Variant-1" of gage "index143" with type "Precipitation".
     File: /home/mhews/hms/HECHMS_Update1/CH/GridGSMAP_corrected.dss
     Path: /HUJAN/INDEX143/PRECIP-INC/31Dec2023 - 30Jan2024/1HOUR/SIMULATED/
ERROR 10311:  Errors in gage data for gage "index143".
WARNING 10615:  No valid data source for variant "Variant-1" of gage "index144" with type "Precipitation".
     File: /home/mhews/hms/HECHMS_Update1/CH/GridGSMAP_corrected.dss
     Path: /HUJAN/INDEX144/PRECIP-INC/31Dec2023 - 30Jan2024/1HOUR/SIMULATED/
ERROR 10311:  Errors in gage data for gage "index144".
WARNING 10615:  No valid data source for variant "Variant-1" of gage "index145" with type "Precipitation".
     File: /home/mhews/hms/HECHMS_Update1/CH/GridGSMAP_corrected.dss
     Path: /HUJAN/INDEX145/PRECIP-INC/31Dec2023 - 30Jan2024/1HOUR/SIMULATED/
ERROR 10311:  Errors in gage data for gage "index145".
WARNING 10615:  No valid data source for variant "Variant-1" of gage "index146" with type "Precipitation".
     File: /home/mhews/hms/HECHMS_Update1/CH/GridGSMAP_corrected.dss
     Path: /HUJAN/INDEX146/PRECIP-INC/31Dec2023 - 30Jan2024/1HOUR/SIMULATED/
ERROR 10311:  Errors in gage data for gage "index146".
WARNING 10615:  No valid data source for variant "Variant-1" of gage "index147" with type "Precipitation".
     File: /home/mhews/hms/HECHMS_Update1/CH/GridGSMAP_corrected.dss
     Path: /HUJAN/INDEX147/PRECIP-INC/31Dec2023 - 30Jan2024/1HOUR/SIMULATED/
ERROR 10311:  Errors in gage data for gage "index147".
WARNING 10615:  No valid data source for variant "Variant-1" of gage "index148" with type "Precipitation".
     File: /home/mhews/hms/HECHMS_Update1/CH/GridGSMAP_corrected.dss
     Path: /HUJAN/INDEX148/PRECIP-INC/31Dec2023 - 30Jan2024/1HOUR/SIMULATED/
ERROR 10311:  Errors in gage data for gage "index148".
WARNING 10615:  No valid data source for variant "Variant-1" of gage "index160" with type "Precipitation".
     File: /home/mhews/hms/HECHMS_Update1/CH/GridGSMAP_corrected.dss
     Path: /HUJAN/INDEX160/PRECIP-INC/31Dec2023 - 30Jan2024/1HOUR/SIMULATED/
ERROR 10311:  Errors in gage data for gage "index160".
WARNING 10615:  No valid data source for variant "Variant-1" of gage "index161" with type "Precipitation".
     File: /home/mhews/hms/HECHMS_Update1/CH/GridGSMAP_corrected.dss
     Path: /HUJAN/INDEX161/PRECIP-INC/31Dec2023 - 30Jan2024/1HOUR/SIMULATED/
ERROR 10311:  Errors in gage data for gage "index161".
WARNING 10615:  No valid data source for variant "Variant-1" of gage "index162" with type "Precipitation".
     File: /home/mhews/hms/HECHMS_Update1/CH/GridGSMAP_corrected.dss
     Path: /HUJAN/INDEX162/PRECIP-INC/31Dec2023 - 30Jan2024/1HOUR/SIMULATED/
ERROR 10311:  Errors in gage data for gage "index162".
WARNING 10615:  No valid data source for variant "Variant-1" of gage "index163" with type "Precipitation".
     File: /home/mhews/hms/HECHMS_Update1/CH/GridGSMAP_corrected.dss
     Path: /HUJAN/INDEX163/PRECIP-INC/31Dec2023 - 30Jan2024/1HOUR/SIMULATED/
ERROR 10311:  Errors in gage data for gage "index163".
WARNING 10615:  No valid data source for variant "Variant-1" of gage "index164" with type "Precipitation".
     File: /home/mhews/hms/HECHMS_Update1/CH/GridGSMAP_corrected.dss
     Path: /HUJAN/INDEX164/PRECIP-INC/31Dec2023 - 30Jan2024/1HOUR/SIMULATED/
ERROR 10311:  Errors in gage data for gage "index164".
WARNING 10615:  No valid data source for variant "Variant-1" of gage "index177" with type "Precipitation".
     File: /home/mhews/hms/HECHMS_Update1/CH/GridGSMAP_corrected.dss
     Path: /HUJAN/INDEX177/PRECIP-INC/31Dec2023 - 30Jan2024/1HOUR/SIMULATED/
ERROR 10311:  Errors in gage data for gage "index177".
WARNING 10615:  No valid data source for variant "Variant-1" of gage "index178" with type "Precipitation".
     File: /home/mhews/hms/HECHMS_Update1/CH/GridGSMAP_corrected.dss
     Path: /HUJAN/INDEX178/PRECIP-INC/31Dec2023 - 30Jan2024/1HOUR/SIMULATED/
ERROR 10311:  Errors in gage data for gage "index178".
WARNING 10615:  No valid data source for variant "Variant-1" of gage "index74" with type "Precipitation".
     File: /home/mhews/hms/HECHMS_Update1/CH/GridGSMAP_corrected.dss
     Path: /HUJAN/INDEX74/PRECIP-INC/31Dec2023 - 30Jan2024/1HOUR/SIMULATED/
ERROR 10311:  Errors in gage data for gage "index74".
ERROR 20358:  Found "38" errors in meteorologic model "cobahms3".
WARNING 15303:  Aborted run "JAN2024" at time 28Sep2024, 01:45:43.
